<?xml version="1.0" encoding="UTF-8"?>
<!-- Generated by org.testng.reporters.JUnitReportReporter -->
<testsuite hostname="DESKTOP-J838PBO" name="com.toolsqa.checkData.Opening" tests="1" failures="0" timestamp="10 Dec 2017 07:55:21 GMT" time="28.890" errors="0">
  <testcase name="toolsQa" time="28.890" classname="com.toolsqa.checkData.Opening"/>
</testsuite> <!-- com.toolsqa.checkData.Opening -->
