<?xml version="1.0" encoding="UTF-8"?>
<!-- Generated by org.testng.reporters.JUnitReportReporter -->
<testsuite hostname="DESKTOP-J838PBO" name="com.toolsqa.checkData.ReadData" tests="7" failures="0" timestamp="9 Dec 2017 12:18:31 GMT" time="0.053" errors="0">
  <testcase name="f" time="0.000" classname="com.toolsqa.checkData.ReadData"/>
  <testcase name="f" time="0.015" classname="com.toolsqa.checkData.ReadData"/>
  <testcase name="f" time="0.000" classname="com.toolsqa.checkData.ReadData"/>
  <testcase name="f" time="0.038" classname="com.toolsqa.checkData.ReadData"/>
  <testcase name="f" time="0.000" classname="com.toolsqa.checkData.ReadData"/>
  <testcase name="f" time="0.000" classname="com.toolsqa.checkData.ReadData"/>
  <testcase name="f" time="0.000" classname="com.toolsqa.checkData.ReadData"/>
</testsuite> <!-- com.toolsqa.checkData.ReadData -->
